# JRE version: Java(TM) SE Runtime Environment (8.0_161-b12) (build 1.8.0_161-b12)
# Java VM: Java HotSpot(TM) 64-Bit Server VM (25.161-b12 mixed mode linux-amd64 compressed oops)
Heap:
 PSYoungGen      total 456192K, used 18823K [0x00000000d7100000, 0x00000000f5300000, 0x0000000100000000)
  eden space 435712K, 0% used [0x00000000d7100000,0x00000000d7100000,0x00000000f1a80000)
  from space 20480K, 91% used [0x00000000f1a80000,0x00000000f2ce1f18,0x00000000f2e80000)
  to   space 17408K, 0% used [0x00000000f2e80000,0x00000000f2e80000,0x00000000f3f80000)
 ParOldGen       total 75776K, used 26192K [0x0000000085200000, 0x0000000089c00000, 0x00000000d7100000)
  object space 75776K, 34% used [0x0000000085200000,0x0000000086b943b0,0x0000000089c00000)
 Metaspace       used 45639K, capacity 46372K, committed 46680K, reserved 1089536K
  class space    used 6045K, capacity 6225K, committed 6272K, reserved 1048576K
GC Heap History (10 events):
Event: 5,223 GC heap after
Heap after GC invocations=6 (full 1):
 PSYoungGen      total 132096K, used 0K [0x00000000d7100000, 0x00000000e7d00000, 0x0000000100000000)
  eden space 126976K, 0% used [0x00000000d7100000,0x00000000d7100000,0x00000000ded00000)
  from space 5120K, 0% used [0x00000000ded00000,0x00000000ded00000,0x00000000df200000)
  to   space 10240K, 0% used [0x00000000e7300000,0x00000000e7300000,0x00000000e7d00000)
 ParOldGen       total 49152K, used 8737K [0x0000000085200000, 0x0000000088200000, 0x00000000d7100000)
  object space 49152K, 17% used [0x0000000085200000,0x0000000085a88548,0x0000000088200000)
 Metaspace       used 20823K, capacity 21134K, committed 21248K, reserved 1067008K
  class space    used 2661K, capacity 2762K, committed 2816K, reserved 1048576K
}
Event: 8,628 GC heap before
{Heap before GC invocations=7 (full 1):
 PSYoungGen      total 132096K, used 126976K [0x00000000d7100000, 0x00000000e7d00000, 0x0000000100000000)
  eden space 126976K, 100% used [0x00000000d7100000,0x00000000ded00000,0x00000000ded00000)
  from space 5120K, 0% used [0x00000000ded00000,0x00000000ded00000,0x00000000df200000)
  to   space 10240K, 0% used [0x00000000e7300000,0x00000000e7300000,0x00000000e7d00000)
 ParOldGen       total 49152K, used 8737K [0x0000000085200000, 0x0000000088200000, 0x00000000d7100000)
  object space 49152K, 17% used [0x0000000085200000,0x0000000085a88548,0x0000000088200000)
 Metaspace       used 24586K, capacity 25012K, committed 25216K, reserved 1071104K
  class space    used 3233K, capacity 3355K, committed 3456K, reserved 1048576K
Event: 8,655 GC heap after
Heap after GC invocations=7 (full 1):
 PSYoungGen      total 247808K, used 9490K [0x00000000d7100000, 0x00000000e7c80000, 0x0000000100000000)
  eden space 238080K, 0% used [0x00000000d7100000,0x00000000d7100000,0x00000000e5980000)
  from space 9728K, 97% used [0x00000000e7300000,0x00000000e7c44b68,0x00000000e7c80000)
  to   space 11776K, 0% used [0x00000000e6580000,0x00000000e6580000,0x00000000e7100000)
 ParOldGen       total 49152K, used 8745K [0x0000000085200000, 0x0000000088200000, 0x00000000d7100000)
  object space 49152K, 17% used [0x0000000085200000,0x0000000085a8a548,0x0000000088200000)
 Metaspace       used 24586K, capacity 25012K, committed 25216K, reserved 1071104K
  class space    used 3233K, capacity 3355K, committed 3456K, reserved 1048576K
}
Event: 11,809 GC heap before
{Heap before GC invocations=8 (full 1):
 PSYoungGen      total 247808K, used 247570K [0x00000000d7100000, 0x00000000e7c80000, 0x0000000100000000)
  eden space 238080K, 100% used [0x00000000d7100000,0x00000000e5980000,0x00000000e5980000)
  from space 9728K, 97% used [0x00000000e7300000,0x00000000e7c44b68,0x00000000e7c80000)
  to   space 11776K, 0% used [0x00000000e6580000,0x00000000e6580000,0x00000000e7100000)
 ParOldGen       total 49152K, used 8745K [0x0000000085200000, 0x0000000088200000, 0x00000000d7100000)
  object space 49152K, 17% used [0x0000000085200000,0x0000000085a8a548,0x0000000088200000)
 Metaspace       used 31857K, capacity 32348K, committed 32768K, reserved 1077248K
  class space    used 4150K, capacity 4279K, committed 4352K, reserved 1048576K
Event: 11,839 GC heap after
Heap after GC invocations=8 (full 1):
 PSYoungGen      total 262144K, used 11758K [0x00000000d7100000, 0x00000000f3f80000, 0x0000000100000000)
  eden space 250368K, 0% used [0x00000000d7100000,0x00000000d7100000,0x00000000e6580000)
  from space 11776K, 99% used [0x00000000e6580000,0x00000000e70fb880,0x00000000e7100000)
  to   space 17408K, 0% used [0x00000000f2e80000,0x00000000f2e80000,0x00000000f3f80000)
 ParOldGen       total 49152K, used 16317K [0x0000000085200000, 0x0000000088200000, 0x00000000d7100000)
  object space 49152K, 33% used [0x0000000085200000,0x00000000861ef428,0x0000000088200000)
 Metaspace       used 31857K, capacity 32348K, committed 32768K, reserved 1077248K
  class space    used 4150K, capacity 4279K, committed 4352K, reserved 1048576K
}
Event: 13,864 GC heap before
{Heap before GC invocations=9 (full 1):
 PSYoungGen      total 262144K, used 177065K [0x00000000d7100000, 0x00000000f3f80000, 0x0000000100000000)
  eden space 250368K, 66% used [0x00000000d7100000,0x00000000e126eda0,0x00000000e6580000)
  from space 11776K, 99% used [0x00000000e6580000,0x00000000e70fb880,0x00000000e7100000)
  to   space 17408K, 0% used [0x00000000f2e80000,0x00000000f2e80000,0x00000000f3f80000)
 ParOldGen       total 49152K, used 16317K [0x0000000085200000, 0x0000000088200000, 0x00000000d7100000)
  object space 49152K, 33% used [0x0000000085200000,0x00000000861ef428,0x0000000088200000)
 Metaspace       used 34767K, capacity 35206K, committed 35416K, reserved 1079296K
  class space    used 4556K, capacity 4670K, committed 4736K, reserved 1048576K
Event: 13,900 GC heap after
Heap after GC invocations=9 (full 1):
 PSYoungGen      total 453120K, used 17383K [0x00000000d7100000, 0x00000000f5300000, 0x0000000100000000)
  eden space 435712K, 0% used [0x00000000d7100000,0x00000000d7100000,0x00000000f1a80000)
  from space 17408K, 99% used [0x00000000f2e80000,0x00000000f3f79d20,0x00000000f3f80000)
  to   space 20480K, 0% used [0x00000000f1a80000,0x00000000f1a80000,0x00000000f2e80000)
 ParOldGen       total 49152K, used 17248K [0x0000000085200000, 0x0000000088200000, 0x00000000d7100000)
  object space 49152K, 35% used [0x0000000085200000,0x00000000862d8180,0x0000000088200000)
 Metaspace       used 34767K, capacity 35206K, committed 35416K, reserved 1079296K
  class space    used 4556K, capacity 4670K, committed 4736K, reserved 1048576K
}
Event: 13,900 GC heap before
{Heap before GC invocations=10 (full 2):
 PSYoungGen      total 453120K, used 17383K [0x00000000d7100000, 0x00000000f5300000, 0x0000000100000000)
  eden space 435712K, 0% used [0x00000000d7100000,0x00000000d7100000,0x00000000f1a80000)
  from space 17408K, 99% used [0x00000000f2e80000,0x00000000f3f79d20,0x00000000f3f80000)
  to   space 20480K, 0% used [0x00000000f1a80000,0x00000000f1a80000,0x00000000f2e80000)
 ParOldGen       total 49152K, used 17248K [0x0000000085200000, 0x0000000088200000, 0x00000000d7100000)
  object space 49152K, 35% used [0x0000000085200000,0x00000000862d8180,0x0000000088200000)
 Metaspace       used 34767K, capacity 35206K, committed 35416K, reserved 1079296K
  class space    used 4556K, capacity 4670K, committed 4736K, reserved 1048576K
Event: 14,100 GC heap after
Heap after GC invocations=10 (full 2):
 PSYoungGen      total 453120K, used 0K [0x00000000d7100000, 0x00000000f5300000, 0x0000000100000000)
  eden space 435712K, 0% used [0x00000000d7100000,0x00000000d7100000,0x00000000f1a80000)
  from space 17408K, 0% used [0x00000000f2e80000,0x00000000f2e80000,0x00000000f3f80000)
  to   space 20480K, 0% used [0x00000000f1a80000,0x00000000f1a80000,0x00000000f2e80000)
 ParOldGen       total 75776K, used 26192K [0x0000000085200000, 0x0000000089c00000, 0x00000000d7100000)
  object space 75776K, 34% used [0x0000000085200000,0x0000000086b943b0,0x0000000089c00000)
 Metaspace       used 34767K, capacity 35206K, committed 35416K, reserved 1079296K
  class space    used 4556K, capacity 4670K, committed 4736K, reserved 1048576K
}
Event: 115,083 GC heap before
{Heap before GC invocations=11 (full 2):
 PSYoungGen      total 453120K, used 435712K [0x00000000d7100000, 0x00000000f5300000, 0x0000000100000000)
  eden space 435712K, 100% used [0x00000000d7100000,0x00000000f1a80000,0x00000000f1a80000)
  from space 17408K, 0% used [0x00000000f2e80000,0x00000000f2e80000,0x00000000f3f80000)
  to   space 20480K, 0% used [0x00000000f1a80000,0x00000000f1a80000,0x00000000f2e80000)
 ParOldGen       total 75776K, used 26192K [0x0000000085200000, 0x0000000089c00000, 0x00000000d7100000)
  object space 75776K, 34% used [0x0000000085200000,0x0000000086b943b0,0x0000000089c00000)
 Metaspace       used 45639K, capacity 46372K, committed 46680K, reserved 1089536K
  class space    used 6045K, capacity 6225K, committed 6272K, reserved 1048576K

