# JRE version: Java(TM) SE Runtime Environment (8.0_161-b12) (build 1.8.0_161-b12)
# Java VM: Java HotSpot(TM) 64-Bit Server VM (25.161-b12 mixed mode linux-amd64 compressed oops)
Heap:
 PSYoungGen      total 137216K, used 8146K [0x00000000d7100000, 0x00000000e0100000, 0x0000000100000000)
  eden space 126976K, 0% used [0x00000000d7100000,0x00000000d7100000,0x00000000ded00000)
  from space 10240K, 79% used [0x00000000ded00000,0x00000000df4f4a20,0x00000000df700000)
  to   space 9728K, 0% used [0x00000000df780000,0x00000000df780000,0x00000000e0100000)
 ParOldGen       total 47104K, used 7233K [0x0000000085200000, 0x0000000088000000, 0x00000000d7100000)
  object space 47104K, 15% used [0x0000000085200000,0x00000000859104b8,0x0000000088000000)
 Metaspace       used 24329K, capacity 24806K, committed 25088K, reserved 1071104K
  class space    used 3148K, capacity 3275K, committed 3328K, reserved 1048576K
GC Heap History (10 events):
Event: 12,306 GC heap after
Heap after GC invocations=3 (full 0):
 PSYoungGen      total 36864K, used 5092K [0x00000000d7100000, 0x00000000db900000, 0x0000000100000000)
  eden space 31744K, 0% used [0x00000000d7100000,0x00000000d7100000,0x00000000d9000000)
  from space 5120K, 99% used [0x00000000d9000000,0x00000000d94f9248,0x00000000d9500000)
  to   space 5120K, 0% used [0x00000000db400000,0x00000000db400000,0x00000000db900000)
 ParOldGen       total 84992K, used 1875K [0x0000000085200000, 0x000000008a500000, 0x00000000d7100000)
  object space 84992K, 2% used [0x0000000085200000,0x00000000853d4f78,0x000000008a500000)
 Metaspace       used 11624K, capacity 11964K, committed 12160K, reserved 1060864K
  class space    used 1461K, capacity 1541K, committed 1664K, reserved 1048576K
}
Event: 13,621 GC heap before
{Heap before GC invocations=4 (full 0):
 PSYoungGen      total 36864K, used 36836K [0x00000000d7100000, 0x00000000db900000, 0x0000000100000000)
  eden space 31744K, 100% used [0x00000000d7100000,0x00000000d9000000,0x00000000d9000000)
  from space 5120K, 99% used [0x00000000d9000000,0x00000000d94f9248,0x00000000d9500000)
  to   space 5120K, 0% used [0x00000000db400000,0x00000000db400000,0x00000000db900000)
 ParOldGen       total 84992K, used 1875K [0x0000000085200000, 0x000000008a500000, 0x00000000d7100000)
  object space 84992K, 2% used [0x0000000085200000,0x00000000853d4f78,0x000000008a500000)
 Metaspace       used 15049K, capacity 15356K, committed 15616K, reserved 1062912K
  class space    used 1893K, capacity 1989K, committed 2048K, reserved 1048576K
Event: 13,630 GC heap after
Heap after GC invocations=4 (full 0):
 PSYoungGen      total 68608K, used 5109K [0x00000000d7100000, 0x00000000db900000, 0x0000000100000000)
  eden space 63488K, 0% used [0x00000000d7100000,0x00000000d7100000,0x00000000daf00000)
  from space 5120K, 99% used [0x00000000db400000,0x00000000db8fd6a8,0x00000000db900000)
  to   space 5120K, 0% used [0x00000000daf00000,0x00000000daf00000,0x00000000db400000)
 ParOldGen       total 84992K, used 4921K [0x0000000085200000, 0x000000008a500000, 0x00000000d7100000)
  object space 84992K, 5% used [0x0000000085200000,0x00000000856ce558,0x000000008a500000)
 Metaspace       used 15049K, capacity 15356K, committed 15616K, reserved 1062912K
  class space    used 1893K, capacity 1989K, committed 2048K, reserved 1048576K
}
Event: 15,734 GC heap before
{Heap before GC invocations=5 (full 0):
 PSYoungGen      total 68608K, used 68597K [0x00000000d7100000, 0x00000000db900000, 0x0000000100000000)
  eden space 63488K, 100% used [0x00000000d7100000,0x00000000daf00000,0x00000000daf00000)
  from space 5120K, 99% used [0x00000000db400000,0x00000000db8fd6a8,0x00000000db900000)
  to   space 5120K, 0% used [0x00000000daf00000,0x00000000daf00000,0x00000000db400000)
 ParOldGen       total 84992K, used 4921K [0x0000000085200000, 0x000000008a500000, 0x00000000d7100000)
  object space 84992K, 5% used [0x0000000085200000,0x00000000856ce558,0x000000008a500000)
 Metaspace       used 19698K, capacity 20078K, committed 20352K, reserved 1067008K
  class space    used 2485K, capacity 2603K, committed 2688K, reserved 1048576K
Event: 15,750 GC heap after
Heap after GC invocations=5 (full 0):
 PSYoungGen      total 68608K, used 5093K [0x00000000d7100000, 0x00000000e0200000, 0x0000000100000000)
  eden space 63488K, 0% used [0x00000000d7100000,0x00000000d7100000,0x00000000daf00000)
  from space 5120K, 99% used [0x00000000daf00000,0x00000000db3f96b8,0x00000000db400000)
  to   space 10752K, 0% used [0x00000000df780000,0x00000000df780000,0x00000000e0200000)
 ParOldGen       total 84992K, used 9878K [0x0000000085200000, 0x000000008a500000, 0x00000000d7100000)
  object space 84992K, 11% used [0x0000000085200000,0x0000000085ba5960,0x000000008a500000)
 Metaspace       used 19698K, capacity 20078K, committed 20352K, reserved 1067008K
  class space    used 2485K, capacity 2603K, committed 2688K, reserved 1048576K
}
Event: 16,451 GC heap before
{Heap before GC invocations=6 (full 0):
 PSYoungGen      total 68608K, used 32854K [0x00000000d7100000, 0x00000000e0200000, 0x0000000100000000)
  eden space 63488K, 43% used [0x00000000d7100000,0x00000000d8c1c1c0,0x00000000daf00000)
  from space 5120K, 99% used [0x00000000daf00000,0x00000000db3f96b8,0x00000000db400000)
  to   space 10752K, 0% used [0x00000000df780000,0x00000000df780000,0x00000000e0200000)
 ParOldGen       total 84992K, used 9878K [0x0000000085200000, 0x000000008a500000, 0x00000000d7100000)
  object space 84992K, 11% used [0x0000000085200000,0x0000000085ba5960,0x000000008a500000)
 Metaspace       used 20746K, capacity 21044K, committed 21248K, reserved 1067008K
  class space    used 2643K, capacity 2732K, committed 2816K, reserved 1048576K
Event: 16,459 GC heap after
Heap after GC invocations=6 (full 0):
 PSYoungGen      total 136704K, used 6718K [0x00000000d7100000, 0x00000000e0100000, 0x0000000100000000)
  eden space 126976K, 0% used [0x00000000d7100000,0x00000000d7100000,0x00000000ded00000)
  from space 9728K, 69% used [0x00000000df780000,0x00000000dfe0fbf0,0x00000000e0100000)
  to   space 10240K, 0% used [0x00000000ded00000,0x00000000ded00000,0x00000000df700000)
 ParOldGen       total 84992K, used 9886K [0x0000000085200000, 0x000000008a500000, 0x00000000d7100000)
  object space 84992K, 11% used [0x0000000085200000,0x0000000085ba7960,0x000000008a500000)
 Metaspace       used 20746K, capacity 21044K, committed 21248K, reserved 1067008K
  class space    used 2643K, capacity 2732K, committed 2816K, reserved 1048576K
}
Event: 16,459 GC heap before
{Heap before GC invocations=7 (full 1):
 PSYoungGen      total 136704K, used 6718K [0x00000000d7100000, 0x00000000e0100000, 0x0000000100000000)
  eden space 126976K, 0% used [0x00000000d7100000,0x00000000d7100000,0x00000000ded00000)
  from space 9728K, 69% used [0x00000000df780000,0x00000000dfe0fbf0,0x00000000e0100000)
  to   space 10240K, 0% used [0x00000000ded00000,0x00000000ded00000,0x00000000df700000)
 ParOldGen       total 84992K, used 9886K [0x0000000085200000, 0x000000008a500000, 0x00000000d7100000)
  object space 84992K, 11% used [0x0000000085200000,0x0000000085ba7960,0x000000008a500000)
 Metaspace       used 20746K, capacity 21044K, committed 21248K, reserved 1067008K
  class space    used 2643K, capacity 2732K, committed 2816K, reserved 1048576K
Event: 16,543 GC heap after
Heap after GC invocations=7 (full 1):
 PSYoungGen      total 136704K, used 0K [0x00000000d7100000, 0x00000000e0100000, 0x0000000100000000)
  eden space 126976K, 0% used [0x00000000d7100000,0x00000000d7100000,0x00000000ded00000)
  from space 9728K, 0% used [0x00000000df780000,0x00000000df780000,0x00000000e0100000)
  to   space 10240K, 0% used [0x00000000ded00000,0x00000000ded00000,0x00000000df700000)
 ParOldGen       total 47104K, used 7233K [0x0000000085200000, 0x0000000088000000, 0x00000000d7100000)
  object space 47104K, 15% used [0x0000000085200000,0x00000000859104b8,0x0000000088000000)
 Metaspace       used 20746K, capacity 21044K, committed 21248K, reserved 1067008K
  class space    used 2643K, capacity 2732K, committed 2816K, reserved 1048576K
}
Event: 23,490 GC heap before
{Heap before GC invocations=8 (full 1):
 PSYoungGen      total 136704K, used 126976K [0x00000000d7100000, 0x00000000e0100000, 0x0000000100000000)
  eden space 126976K, 100% used [0x00000000d7100000,0x00000000ded00000,0x00000000ded00000)
  from space 9728K, 0% used [0x00000000df780000,0x00000000df780000,0x00000000e0100000)
  to   space 10240K, 0% used [0x00000000ded00000,0x00000000ded00000,0x00000000df700000)
 ParOldGen       total 47104K, used 7233K [0x0000000085200000, 0x0000000088000000, 0x00000000d7100000)
  object space 47104K, 15% used [0x0000000085200000,0x00000000859104b8,0x0000000088000000)
 Metaspace       used 24329K, capacity 24806K, committed 25088K, reserved 1071104K
  class space    used 3148K, capacity 3275K, committed 3328K, reserved 1048576K

