# JRE version: Java(TM) SE Runtime Environment (8.0_161-b12) (build 1.8.0_161-b12)
# Java VM: Java HotSpot(TM) 64-Bit Server VM (25.161-b12 mixed mode linux-amd64 compressed oops)
Heap:
 PSYoungGen      total 340992K, used 9675K [0x00000000d7100000, 0x00000000ed300000, 0x0000000100000000)
  eden space 323072K, 0% used [0x00000000d7100000,0x00000000d7100000,0x00000000eac80000)
  from space 17920K, 53% used [0x00000000eac80000,0x00000000eb5f2c20,0x00000000ebe00000)
  to   space 14336K, 0% used [0x00000000ebe00000,0x00000000ebe00000,0x00000000ecc00000)
 ParOldGen       total 81408K, used 25713K [0x0000000085200000, 0x000000008a180000, 0x00000000d7100000)
  object space 81408K, 31% used [0x0000000085200000,0x0000000086b1c480,0x000000008a180000)
 Metaspace       used 37543K, capacity 38208K, committed 38360K, reserved 1083392K
  class space    used 4963K, capacity 5114K, committed 5120K, reserved 1048576K
GC Heap History (10 events):
Event: 10,568 GC heap after
Heap after GC invocations=8 (full 1):
 PSYoungGen      total 137216K, used 6921K [0x00000000d7100000, 0x00000000e6500000, 0x0000000100000000)
  eden space 126976K, 0% used [0x00000000d7100000,0x00000000d7100000,0x00000000ded00000)
  from space 10240K, 67% used [0x00000000ded00000,0x00000000df3c2758,0x00000000df700000)
  to   space 9728K, 0% used [0x00000000e5b80000,0x00000000e5b80000,0x00000000e6500000)
 ParOldGen       total 49664K, used 7274K [0x0000000085200000, 0x0000000088280000, 0x00000000d7100000)
  object space 49664K, 14% used [0x0000000085200000,0x000000008591a9f8,0x0000000088280000)
 Metaspace       used 23613K, capacity 24080K, committed 24192K, reserved 1071104K
  class space    used 3057K, capacity 3171K, committed 3200K, reserved 1048576K
}
Event: 13,356 GC heap before
{Heap before GC invocations=9 (full 1):
 PSYoungGen      total 137216K, used 133897K [0x00000000d7100000, 0x00000000e6500000, 0x0000000100000000)
  eden space 126976K, 100% used [0x00000000d7100000,0x00000000ded00000,0x00000000ded00000)
  from space 10240K, 67% used [0x00000000ded00000,0x00000000df3c2758,0x00000000df700000)
  to   space 9728K, 0% used [0x00000000e5b80000,0x00000000e5b80000,0x00000000e6500000)
 ParOldGen       total 49664K, used 7274K [0x0000000085200000, 0x0000000088280000, 0x00000000d7100000)
  object space 49664K, 14% used [0x0000000085200000,0x000000008591a9f8,0x0000000088280000)
 Metaspace       used 24696K, capacity 25214K, committed 25472K, reserved 1071104K
  class space    used 3209K, capacity 3344K, committed 3456K, reserved 1048576K
Event: 13,369 GC heap after
Heap after GC invocations=9 (full 1):
 PSYoungGen      total 235520K, used 9514K [0x00000000d7100000, 0x00000000e6500000, 0x0000000100000000)
  eden space 225792K, 0% used [0x00000000d7100000,0x00000000d7100000,0x00000000e4d80000)
  from space 9728K, 97% used [0x00000000e5b80000,0x00000000e64ca8c8,0x00000000e6500000)
  to   space 10752K, 0% used [0x00000000e5000000,0x00000000e5000000,0x00000000e5a80000)
 ParOldGen       total 49664K, used 7282K [0x0000000085200000, 0x0000000088280000, 0x00000000d7100000)
  object space 49664K, 14% used [0x0000000085200000,0x000000008591c9f8,0x0000000088280000)
 Metaspace       used 24696K, capacity 25214K, committed 25472K, reserved 1071104K
  class space    used 3209K, capacity 3344K, committed 3456K, reserved 1048576K
}
Event: 17,442 GC heap before
{Heap before GC invocations=10 (full 1):
 PSYoungGen      total 235520K, used 235306K [0x00000000d7100000, 0x00000000e6500000, 0x0000000100000000)
  eden space 225792K, 100% used [0x00000000d7100000,0x00000000e4d80000,0x00000000e4d80000)
  from space 9728K, 97% used [0x00000000e5b80000,0x00000000e64ca8c8,0x00000000e6500000)
  to   space 10752K, 0% used [0x00000000e5000000,0x00000000e5000000,0x00000000e5a80000)
 ParOldGen       total 49664K, used 7282K [0x0000000085200000, 0x0000000088280000, 0x00000000d7100000)
  object space 49664K, 14% used [0x0000000085200000,0x000000008591c9f8,0x0000000088280000)
 Metaspace       used 31335K, capacity 31968K, committed 32256K, reserved 1077248K
  class space    used 4172K, capacity 4331K, committed 4352K, reserved 1048576K
Event: 17,475 GC heap after
Heap after GC invocations=10 (full 1):
 PSYoungGen      total 239104K, used 10729K [0x00000000d7100000, 0x00000000ecc00000, 0x0000000100000000)
  eden space 228352K, 0% used [0x00000000d7100000,0x00000000d7100000,0x00000000e5000000)
  from space 10752K, 99% used [0x00000000e5000000,0x00000000e5a7a4f0,0x00000000e5a80000)
  to   space 14336K, 0% used [0x00000000ebe00000,0x00000000ebe00000,0x00000000ecc00000)
 ParOldGen       total 49664K, used 13800K [0x0000000085200000, 0x0000000088280000, 0x00000000d7100000)
  object space 49664K, 27% used [0x0000000085200000,0x0000000085f7a1b8,0x0000000088280000)
 Metaspace       used 31335K, capacity 31968K, committed 32256K, reserved 1077248K
  class space    used 4172K, capacity 4331K, committed 4352K, reserved 1048576K
}
Event: 20,389 GC heap before
{Heap before GC invocations=11 (full 1):
 PSYoungGen      total 239104K, used 150421K [0x00000000d7100000, 0x00000000ecc00000, 0x0000000100000000)
  eden space 228352K, 61% used [0x00000000d7100000,0x00000000df96af88,0x00000000e5000000)
  from space 10752K, 99% used [0x00000000e5000000,0x00000000e5a7a4f0,0x00000000e5a80000)
  to   space 14336K, 0% used [0x00000000ebe00000,0x00000000ebe00000,0x00000000ecc00000)
 ParOldGen       total 49664K, used 13800K [0x0000000085200000, 0x0000000088280000, 0x00000000d7100000)
  object space 49664K, 27% used [0x0000000085200000,0x0000000085f7a1b8,0x0000000088280000)
 Metaspace       used 34780K, capacity 35332K, committed 35416K, reserved 1079296K
  class space    used 4596K, capacity 4721K, committed 4736K, reserved 1048576K
Event: 20,414 GC heap after
Heap after GC invocations=11 (full 1):
 PSYoungGen      total 337408K, used 14309K [0x00000000d7100000, 0x00000000ed300000, 0x0000000100000000)
  eden space 323072K, 0% used [0x00000000d7100000,0x00000000d7100000,0x00000000eac80000)
  from space 14336K, 99% used [0x00000000ebe00000,0x00000000ecbf96e8,0x00000000ecc00000)
  to   space 17920K, 0% used [0x00000000eac80000,0x00000000eac80000,0x00000000ebe00000)
 ParOldGen       total 49664K, used 19550K [0x0000000085200000, 0x0000000088280000, 0x00000000d7100000)
  object space 49664K, 39% used [0x0000000085200000,0x0000000086517828,0x0000000088280000)
 Metaspace       used 34780K, capacity 35332K, committed 35416K, reserved 1079296K
  class space    used 4596K, capacity 4721K, committed 4736K, reserved 1048576K
}
Event: 20,414 GC heap before
{Heap before GC invocations=12 (full 2):
 PSYoungGen      total 337408K, used 14309K [0x00000000d7100000, 0x00000000ed300000, 0x0000000100000000)
  eden space 323072K, 0% used [0x00000000d7100000,0x00000000d7100000,0x00000000eac80000)
  from space 14336K, 99% used [0x00000000ebe00000,0x00000000ecbf96e8,0x00000000ecc00000)
  to   space 17920K, 0% used [0x00000000eac80000,0x00000000eac80000,0x00000000ebe00000)
 ParOldGen       total 49664K, used 19550K [0x0000000085200000, 0x0000000088280000, 0x00000000d7100000)
  object space 49664K, 39% used [0x0000000085200000,0x0000000086517828,0x0000000088280000)
 Metaspace       used 34780K, capacity 35332K, committed 35416K, reserved 1079296K
  class space    used 4596K, capacity 4721K, committed 4736K, reserved 1048576K
Event: 20,512 GC heap after
Heap after GC invocations=12 (full 2):
 PSYoungGen      total 337408K, used 0K [0x00000000d7100000, 0x00000000ed300000, 0x0000000100000000)
  eden space 323072K, 0% used [0x00000000d7100000,0x00000000d7100000,0x00000000eac80000)
  from space 14336K, 0% used [0x00000000ebe00000,0x00000000ebe00000,0x00000000ecc00000)
  to   space 17920K, 0% used [0x00000000eac80000,0x00000000eac80000,0x00000000ebe00000)
 ParOldGen       total 81408K, used 25705K [0x0000000085200000, 0x000000008a180000, 0x00000000d7100000)
  object space 81408K, 31% used [0x0000000085200000,0x0000000086b1a480,0x000000008a180000)
 Metaspace       used 34780K, capacity 35332K, committed 35416K, reserved 1079296K
  class space    used 4596K, capacity 4721K, committed 4736K, reserved 1048576K
}
Event: 29,060 GC heap before
{Heap before GC invocations=13 (full 2):
 PSYoungGen      total 337408K, used 323072K [0x00000000d7100000, 0x00000000ed300000, 0x0000000100000000)
  eden space 323072K, 100% used [0x00000000d7100000,0x00000000eac80000,0x00000000eac80000)
  from space 14336K, 0% used [0x00000000ebe00000,0x00000000ebe00000,0x00000000ecc00000)
  to   space 17920K, 0% used [0x00000000eac80000,0x00000000eac80000,0x00000000ebe00000)
 ParOldGen       total 81408K, used 25705K [0x0000000085200000, 0x000000008a180000, 0x00000000d7100000)
  object space 81408K, 31% used [0x0000000085200000,0x0000000086b1a480,0x000000008a180000)
 Metaspace       used 37543K, capacity 38208K, committed 38360K, reserved 1083392K
  class space    used 4963K, capacity 5114K, committed 5120K, reserved 1048576K

