# JRE version: Java(TM) SE Runtime Environment (8.0_161-b12) (build 1.8.0_161-b12)
# Java VM: Java HotSpot(TM) 64-Bit Server VM (25.161-b12 mixed mode linux-amd64 compressed oops)
Heap:
 PSYoungGen      total 303104K, used 13613K [0x00000000d7100000, 0x00000000eaa00000, 0x0000000100000000)
  eden space 286720K, 0% used [0x00000000d7100000,0x00000000d7100000,0x00000000e8900000)
  from space 16384K, 83% used [0x00000000e8a00000,0x00000000e974b418,0x00000000e9a00000)
  to   space 14336K, 0% used [0x00000000e9c00000,0x00000000e9c00000,0x00000000eaa00000)
 ParOldGen       total 76800K, used 40006K [0x0000000085200000, 0x0000000089d00000, 0x00000000d7100000)
  object space 76800K, 52% used [0x0000000085200000,0x0000000087911b28,0x0000000089d00000)
 Metaspace       used 49612K, capacity 50510K, committed 50648K, reserved 1093632K
  class space    used 6851K, capacity 7056K, committed 7128K, reserved 1048576K
GC Heap History (10 events):
Event: 11,888 GC heap after
Heap after GC invocations=10 (full 1):
 PSYoungGen      total 134144K, used 8681K [0x00000000d7100000, 0x00000000e4480000, 0x0000000100000000)
  eden space 125440K, 0% used [0x00000000d7100000,0x00000000d7100000,0x00000000deb80000)
  from space 8704K, 99% used [0x00000000deb80000,0x00000000df3fa530,0x00000000df400000)
  to   space 12288K, 0% used [0x00000000e3880000,0x00000000e3880000,0x00000000e4480000)
 ParOldGen       total 44544K, used 14736K [0x0000000085200000, 0x0000000087d80000, 0x00000000d7100000)
  object space 44544K, 33% used [0x0000000085200000,0x00000000860643e8,0x0000000087d80000)
 Metaspace       used 27764K, capacity 28172K, committed 28416K, reserved 1073152K
  class space    used 3632K, capacity 3751K, committed 3840K, reserved 1048576K
}
Event: 14,717 GC heap before
{Heap before GC invocations=11 (full 1):
 PSYoungGen      total 134144K, used 134121K [0x00000000d7100000, 0x00000000e4480000, 0x0000000100000000)
  eden space 125440K, 100% used [0x00000000d7100000,0x00000000deb80000,0x00000000deb80000)
  from space 8704K, 99% used [0x00000000deb80000,0x00000000df3fa530,0x00000000df400000)
  to   space 12288K, 0% used [0x00000000e3880000,0x00000000e3880000,0x00000000e4480000)
 ParOldGen       total 44544K, used 14736K [0x0000000085200000, 0x0000000087d80000, 0x00000000d7100000)
  object space 44544K, 33% used [0x0000000085200000,0x00000000860643e8,0x0000000087d80000)
 Metaspace       used 29135K, capacity 29652K, committed 29824K, reserved 1075200K
  class space    used 3833K, capacity 3955K, committed 3968K, reserved 1048576K
Event: 14,745 GC heap after
Heap after GC invocations=11 (full 1):
 PSYoungGen      total 203264K, used 10216K [0x00000000d7100000, 0x00000000e4800000, 0x0000000100000000)
  eden space 190976K, 0% used [0x00000000d7100000,0x00000000d7100000,0x00000000e2b80000)
  from space 12288K, 83% used [0x00000000e3880000,0x00000000e427a178,0x00000000e4480000)
  to   space 13312K, 0% used [0x00000000e2b80000,0x00000000e2b80000,0x00000000e3880000)
 ParOldGen       total 44544K, used 17081K [0x0000000085200000, 0x0000000087d80000, 0x00000000d7100000)
  object space 44544K, 38% used [0x0000000085200000,0x00000000862ae5d0,0x0000000087d80000)
 Metaspace       used 29135K, capacity 29652K, committed 29824K, reserved 1075200K
  class space    used 3833K, capacity 3955K, committed 3968K, reserved 1048576K
}
Event: 25,738 GC heap before
{Heap before GC invocations=12 (full 1):
 PSYoungGen      total 203264K, used 191315K [0x00000000d7100000, 0x00000000e4800000, 0x0000000100000000)
  eden space 190976K, 94% used [0x00000000d7100000,0x00000000e21dabd0,0x00000000e2b80000)
  from space 12288K, 83% used [0x00000000e3880000,0x00000000e427a178,0x00000000e4480000)
  to   space 13312K, 0% used [0x00000000e2b80000,0x00000000e2b80000,0x00000000e3880000)
 ParOldGen       total 44544K, used 17081K [0x0000000085200000, 0x0000000087d80000, 0x00000000d7100000)
  object space 44544K, 38% used [0x0000000085200000,0x00000000862ae5d0,0x0000000087d80000)
 Metaspace       used 34681K, capacity 35176K, committed 35416K, reserved 1079296K
  class space    used 4715K, capacity 4865K, committed 4952K, reserved 1048576K
Event: 25,778 GC heap after
Heap after GC invocations=12 (full 1):
 PSYoungGen      total 204288K, used 12003K [0x00000000d7100000, 0x00000000eaa00000, 0x0000000100000000)
  eden space 190976K, 0% used [0x00000000d7100000,0x00000000d7100000,0x00000000e2b80000)
  from space 13312K, 90% used [0x00000000e2b80000,0x00000000e3738cd8,0x00000000e3880000)
  to   space 14336K, 0% used [0x00000000e9c00000,0x00000000e9c00000,0x00000000eaa00000)
 ParOldGen       total 44544K, used 25932K [0x0000000085200000, 0x0000000087d80000, 0x00000000d7100000)
  object space 44544K, 58% used [0x0000000085200000,0x0000000086b53130,0x0000000087d80000)
 Metaspace       used 34681K, capacity 35176K, committed 35416K, reserved 1079296K
  class space    used 4715K, capacity 4865K, committed 4952K, reserved 1048576K
}
Event: 25,778 GC heap before
{Heap before GC invocations=13 (full 2):
 PSYoungGen      total 204288K, used 12003K [0x00000000d7100000, 0x00000000eaa00000, 0x0000000100000000)
  eden space 190976K, 0% used [0x00000000d7100000,0x00000000d7100000,0x00000000e2b80000)
  from space 13312K, 90% used [0x00000000e2b80000,0x00000000e3738cd8,0x00000000e3880000)
  to   space 14336K, 0% used [0x00000000e9c00000,0x00000000e9c00000,0x00000000eaa00000)
 ParOldGen       total 44544K, used 25932K [0x0000000085200000, 0x0000000087d80000, 0x00000000d7100000)
  object space 44544K, 58% used [0x0000000085200000,0x0000000086b53130,0x0000000087d80000)
 Metaspace       used 34681K, capacity 35176K, committed 35416K, reserved 1079296K
  class space    used 4715K, capacity 4865K, committed 4952K, reserved 1048576K
Event: 25,929 GC heap after
Heap after GC invocations=13 (full 2):
 PSYoungGen      total 204288K, used 0K [0x00000000d7100000, 0x00000000eaa00000, 0x0000000100000000)
  eden space 190976K, 0% used [0x00000000d7100000,0x00000000d7100000,0x00000000e2b80000)
  from space 13312K, 0% used [0x00000000e2b80000,0x00000000e2b80000,0x00000000e3880000)
  to   space 14336K, 0% used [0x00000000e9c00000,0x00000000e9c00000,0x00000000eaa00000)
 ParOldGen       total 76800K, used 31141K [0x0000000085200000, 0x0000000089d00000, 0x00000000d7100000)
  object space 76800K, 40% used [0x0000000085200000,0x0000000087069418,0x0000000089d00000)
 Metaspace       used 34681K, capacity 35176K, committed 35416K, reserved 1079296K
  class space    used 4715K, capacity 4865K, committed 4952K, reserved 1048576K
}
Event: 34,068 GC heap before
{Heap before GC invocations=14 (full 2):
 PSYoungGen      total 204288K, used 190976K [0x00000000d7100000, 0x00000000eaa00000, 0x0000000100000000)
  eden space 190976K, 100% used [0x00000000d7100000,0x00000000e2b80000,0x00000000e2b80000)
  from space 13312K, 0% used [0x00000000e2b80000,0x00000000e2b80000,0x00000000e3880000)
  to   space 14336K, 0% used [0x00000000e9c00000,0x00000000e9c00000,0x00000000eaa00000)
 ParOldGen       total 76800K, used 31141K [0x0000000085200000, 0x0000000089d00000, 0x00000000d7100000)
  object space 76800K, 40% used [0x0000000085200000,0x0000000087069418,0x0000000089d00000)
 Metaspace       used 41364K, capacity 41988K, committed 42328K, reserved 1085440K
  class space    used 5791K, capacity 5915K, committed 5976K, reserved 1048576K
Event: 34,094 GC heap after
Heap after GC invocations=14 (full 2):
 PSYoungGen      total 301056K, used 14314K [0x00000000d7100000, 0x00000000eaa00000, 0x0000000100000000)
  eden space 286720K, 0% used [0x00000000d7100000,0x00000000d7100000,0x00000000e8900000)
  from space 14336K, 99% used [0x00000000e9c00000,0x00000000ea9fa978,0x00000000eaa00000)
  to   space 16384K, 0% used [0x00000000e8a00000,0x00000000e8a00000,0x00000000e9a00000)
 ParOldGen       total 76800K, used 32250K [0x0000000085200000, 0x0000000089d00000, 0x00000000d7100000)
  object space 76800K, 41% used [0x0000000085200000,0x000000008717e948,0x0000000089d00000)
 Metaspace       used 41364K, capacity 41988K, committed 42328K, reserved 1085440K
  class space    used 5791K, capacity 5915K, committed 5976K, reserved 1048576K
}
Event: 390,913 GC heap before
{Heap before GC invocations=15 (full 2):
 PSYoungGen      total 301056K, used 301034K [0x00000000d7100000, 0x00000000eaa00000, 0x0000000100000000)
  eden space 286720K, 100% used [0x00000000d7100000,0x00000000e8900000,0x00000000e8900000)
  from space 14336K, 99% used [0x00000000e9c00000,0x00000000ea9fa978,0x00000000eaa00000)
  to   space 16384K, 0% used [0x00000000e8a00000,0x00000000e8a00000,0x00000000e9a00000)
 ParOldGen       total 76800K, used 32250K [0x0000000085200000, 0x0000000089d00000, 0x00000000d7100000)
  object space 76800K, 41% used [0x0000000085200000,0x000000008717e948,0x0000000089d00000)
 Metaspace       used 49612K, capacity 50510K, committed 50648K, reserved 1093632K
  class space    used 6851K, capacity 7056K, committed 7128K, reserved 1048576K

